{"level":"debug","message":"Teste da rota /cadastro","service":"user-service","timestamp":"2022-11-14T23:51:46.576Z"}
{"level":"debug","message":"Teste da rota /","service":"user-service","timestamp":"2022-11-14T23:51:46.587Z"}
{"level":"debug","message":"[beforeAll - welcome] Início da bateria de testes.","service":"user-service","timestamp":"2022-11-14T23:51:46.597Z"}
{"level":"debug","message":"[/] Status da API: 200","service":"user-service","timestamp":"2022-11-14T23:51:46.829Z"}
{"level":"debug","message":"[afterAll - welcome] Fim da bateria de testes.","service":"user-service","timestamp":"2022-11-14T23:51:46.843Z"}
{"level":"debug","message":"[beforeAll - login] Início da bateria de testes.","service":"user-service","timestamp":"2022-11-14T23:51:46.584Z"}
{"level":"debug","message":"[/login] Login de usuário: dnedry - 200","service":"user-service","timestamp":"2022-11-14T23:51:49.105Z"}
{"level":"debug","message":"[afterAll - login] Fim da bateria de testes.","service":"user-service","timestamp":"2022-11-14T23:51:49.114Z"}
{"level":"debug","message":"Teste da rota /cadastro","service":"user-service","timestamp":"2022-11-14T23:51:52.284Z"}
{"level":"debug","message":"[beforeAll - cadastro] Início da bateria de testes.","service":"user-service","timestamp":"2022-11-14T23:51:52.289Z"}
{"level":"info","message":"[cadastrar] Cliente cadastrado: ::ffff:127.0.0.1","service":"user-service","timestamp":"2022-11-14T23:51:52.937Z"}
{"level":"debug","message":"[/cadastro] Cadastro de cliente: Zetta_Hettinger - 201","service":"user-service","timestamp":"2022-11-14T23:51:52.958Z"}
{"level":"debug","message":"[afterAll - cadastro] Fim da bateria de testes.","service":"user-service","timestamp":"2022-11-14T23:51:52.977Z"}
{"level":"debug","message":"Teste da rota /cadastro","service":"user-service","timestamp":"2022-11-14T23:57:56.010Z"}
{"level":"debug","message":"Teste da rota /","service":"user-service","timestamp":"2022-11-14T23:57:56.168Z"}
{"level":"debug","message":"[beforeAll - login] Início da bateria de testes.","service":"user-service","timestamp":"2022-11-14T23:57:56.019Z"}
{"level":"debug","message":"[beforeAll - welcome] Início da bateria de testes.","service":"user-service","timestamp":"2022-11-14T23:57:56.178Z"}
{"level":"debug","message":"[/] Status da API: 200","service":"user-service","timestamp":"2022-11-14T23:57:56.401Z"}
{"level":"debug","message":"[afterAll - welcome] Fim da bateria de testes.","service":"user-service","timestamp":"2022-11-14T23:57:56.420Z"}
{"level":"debug","message":"[/login] Login de usuário: dnedry - 200","service":"user-service","timestamp":"2022-11-14T23:57:57.043Z"}
{"level":"debug","message":"[afterAll - login] Fim da bateria de testes.","service":"user-service","timestamp":"2022-11-14T23:57:57.087Z"}
{"level":"debug","message":"Teste da rota /cadastro","service":"user-service","timestamp":"2022-11-14T23:58:02.391Z"}
{"level":"debug","message":"[beforeAll - cadastro] Início da bateria de testes.","service":"user-service","timestamp":"2022-11-14T23:58:02.404Z"}
{"level":"info","message":"[cadastrar] Cliente cadastrado: ::ffff:127.0.0.1","service":"user-service","timestamp":"2022-11-14T23:58:03.107Z"}
{"level":"debug","message":"[/cadastro] Cadastro de cliente: Phyllis.Mills - 201","service":"user-service","timestamp":"2022-11-14T23:58:03.134Z"}
{"level":"warn","message":"[cadastrar] Tentativa repetida de cadastro: ::ffff:127.0.0.1","service":"user-service","timestamp":"2022-11-14T23:58:03.548Z"}
{"level":"debug","message":"[afterAll - cadastro] Fim da bateria de testes.","service":"user-service","timestamp":"2022-11-14T23:58:03.596Z"}
{"level":"debug","message":"Teste da rota /","service":"user-service","timestamp":"2022-11-15T00:01:17.574Z"}
{"level":"debug","message":"[beforeAll - welcome] Início da bateria de testes.","service":"user-service","timestamp":"2022-11-15T00:01:17.580Z"}
{"level":"debug","message":"[/] Status da API: 200","service":"user-service","timestamp":"2022-11-15T00:01:17.653Z"}
{"level":"debug","message":"[afterAll - welcome] Fim da bateria de testes.","service":"user-service","timestamp":"2022-11-15T00:01:17.670Z"}
{"level":"debug","message":"Teste da rota /","service":"user-service","timestamp":"2022-11-15T00:02:25.287Z"}
{"level":"debug","message":"[beforeAll - welcome] Início da bateria de testes.","service":"user-service","timestamp":"2022-11-15T00:02:25.293Z"}
{"level":"debug","message":"[/] Status da API: 200","service":"user-service","timestamp":"2022-11-15T00:02:25.365Z"}
{"level":"debug","message":"[afterAll - welcome] Fim da bateria de testes.","service":"user-service","timestamp":"2022-11-15T00:02:25.384Z"}
{"level":"debug","message":"Teste da rota /","service":"user-service","timestamp":"2022-11-15T00:03:27.776Z"}
{"level":"debug","message":"[beforeAll - welcome] Início da bateria de testes.","service":"user-service","timestamp":"2022-11-15T00:03:27.781Z"}
{"level":"debug","message":"[/] Status da API: 200","service":"user-service","timestamp":"2022-11-15T00:03:27.951Z"}
{"level":"debug","message":"[afterAll - welcome] Fim da bateria de testes.","service":"user-service","timestamp":"2022-11-15T00:03:27.956Z"}
{"level":"debug","message":"Teste da rota /cadastro","service":"user-service","timestamp":"2022-11-15T00:03:43.022Z"}
{"level":"debug","message":"[beforeAll - cadastro] Início da bateria de testes.","service":"user-service","timestamp":"2022-11-15T00:03:43.028Z"}
{"level":"info","message":"[cadastrar] Cliente cadastrado: ::ffff:127.0.0.1","service":"user-service","timestamp":"2022-11-15T00:03:43.647Z"}
{"level":"debug","message":"[/cadastro] Cadastro de cliente: Kayla36 - 201","service":"user-service","timestamp":"2022-11-15T00:03:43.687Z"}
{"level":"warn","message":"[cadastrar] Tentativa repetida de cadastro: ::ffff:127.0.0.1","service":"user-service","timestamp":"2022-11-15T00:03:43.839Z"}
{"level":"debug","message":"[afterAll - cadastro] Fim da bateria de testes.","service":"user-service","timestamp":"2022-11-15T00:03:43.877Z"}
{"level":"debug","message":"Teste da rota /cadastro","service":"user-service","timestamp":"2022-11-15T00:05:09.031Z"}
{"level":"debug","message":"[beforeAll - login] Início da bateria de testes.","service":"user-service","timestamp":"2022-11-15T00:05:09.037Z"}
{"level":"debug","message":"[/login] Login de usuário: dnedry - 200","service":"user-service","timestamp":"2022-11-15T00:05:09.566Z"}
{"level":"debug","message":"[afterAll - login] Fim da bateria de testes.","service":"user-service","timestamp":"2022-11-15T00:05:09.571Z"}
{"level":"debug","message":"Teste da rota /cadastro","service":"user-service","timestamp":"2022-11-15T00:05:55.097Z"}
{"level":"debug","message":"[beforeAll - cadastro] Início da bateria de testes.","service":"user-service","timestamp":"2022-11-15T00:05:55.103Z"}
{"level":"info","message":"[cadastrar] Cliente cadastrado: ::ffff:127.0.0.1","service":"user-service","timestamp":"2022-11-15T00:05:55.696Z"}
{"level":"debug","message":"[/cadastro] Cadastro de cliente: Destiney_Abshire - 201","service":"user-service","timestamp":"2022-11-15T00:05:55.737Z"}
{"level":"warn","message":"[cadastrar] Tentativa repetida de cadastro: ::ffff:127.0.0.1","service":"user-service","timestamp":"2022-11-15T00:05:55.892Z"}
{"level":"debug","message":"[afterAll - cadastro] Fim da bateria de testes.","service":"user-service","timestamp":"2022-11-15T00:05:55.929Z"}
{"level":"debug","message":"Teste da rota /cadastro","service":"user-service","timestamp":"2022-11-15T00:07:30.474Z"}
{"level":"debug","message":"[beforeAll - cadastro] Início da bateria de testes.","service":"user-service","timestamp":"2022-11-15T00:07:30.480Z"}
{"level":"info","message":"[cadastrar] Cliente cadastrado: ::ffff:127.0.0.1","service":"user-service","timestamp":"2022-11-15T00:07:31.094Z"}
{"level":"debug","message":"[/cadastro] Cadastro de cliente: Vicky30 - 201","service":"user-service","timestamp":"2022-11-15T00:07:31.140Z"}
{"level":"warn","message":"[cadastrar] Tentativa repetida de cadastro: ::ffff:127.0.0.1","service":"user-service","timestamp":"2022-11-15T00:07:31.292Z"}
{"level":"debug","message":"[afterAll - cadastro] Fim da bateria de testes.","service":"user-service","timestamp":"2022-11-15T00:07:31.327Z"}
{"level":"debug","message":"Teste da rota /cadastro","service":"user-service","timestamp":"2022-11-15T00:08:01.776Z"}
{"level":"debug","message":"[beforeAll - cadastro] Início da bateria de testes.","service":"user-service","timestamp":"2022-11-15T00:08:01.782Z"}
{"level":"info","message":"[cadastrar] Cliente cadastrado: ::ffff:127.0.0.1","service":"user-service","timestamp":"2022-11-15T00:08:02.396Z"}
{"level":"debug","message":"[/cadastro] Cadastro de cliente: Gayle76 - 201","service":"user-service","timestamp":"2022-11-15T00:08:02.433Z"}
{"level":"warn","message":"[cadastrar] Tentativa repetida de cadastro: ::ffff:127.0.0.1","service":"user-service","timestamp":"2022-11-15T00:08:02.624Z"}
{"level":"debug","message":"[afterAll - cadastro] Fim da bateria de testes.","service":"user-service","timestamp":"2022-11-15T00:08:02.656Z"}
{"level":"debug","message":"Teste da rota /cadastro","service":"user-service","timestamp":"2022-11-15T00:08:36.635Z"}
{"level":"debug","message":"[beforeAll - cadastro] Início da bateria de testes.","service":"user-service","timestamp":"2022-11-15T00:08:36.640Z"}
{"level":"info","message":"[cadastrar] Cliente cadastrado: ::ffff:127.0.0.1","service":"user-service","timestamp":"2022-11-15T00:08:37.253Z"}
{"level":"debug","message":"[/cadastro] Cadastro de cliente: Lupe_Boyle15 - 201","service":"user-service","timestamp":"2022-11-15T00:08:37.292Z"}
{"level":"debug","message":"[afterAll - cadastro] Fim da bateria de testes.","service":"user-service","timestamp":"2022-11-15T00:08:37.312Z"}
{"level":"debug","message":"Teste da rota /cadastro","service":"user-service","timestamp":"2022-11-15T00:09:05.950Z"}
{"level":"debug","message":"[beforeAll - login] Início da bateria de testes.","service":"user-service","timestamp":"2022-11-15T00:09:05.955Z"}
{"level":"debug","message":"[/login] Login de usuário: dnedry - 200","service":"user-service","timestamp":"2022-11-15T00:09:06.470Z"}
{"level":"debug","message":"[afterAll - login] Fim da bateria de testes.","service":"user-service","timestamp":"2022-11-15T00:09:06.475Z"}
{"level":"debug","message":"Teste da rota /","service":"user-service","timestamp":"2022-11-15T00:09:19.060Z"}
{"level":"debug","message":"[beforeAll - welcome] Início da bateria de testes.","service":"user-service","timestamp":"2022-11-15T00:09:19.066Z"}
{"level":"debug","message":"[/] Status da API: 200","service":"user-service","timestamp":"2022-11-15T00:09:19.219Z"}
{"level":"debug","message":"[afterAll - welcome] Fim da bateria de testes.","service":"user-service","timestamp":"2022-11-15T00:09:19.224Z"}
