{"level":"info","message":"[setup] API aguardando requisições... [Porta TCP 8080]","service":"user-service","timestamp":"2022-10-27T01:40:38.106Z"}
{"level":"info","message":"[hasConnection] Conexão ao banco de dados realizada.","service":"user-service","timestamp":"2022-10-27T01:40:39.028Z"}
{"level":"info","message":"[setup] API aguardando requisições... [Porta TCP 8080]","service":"user-service","timestamp":"2022-10-27T23:07:14.344Z"}
{"level":"info","message":"[hasConnection] Conexão ao banco de dados realizada.","service":"user-service","timestamp":"2022-10-27T23:07:15.253Z"}
{"level":"info","message":"[cadastrar] Cliente cadastrado: ::ffff:127.0.0.1","service":"user-service","timestamp":"2022-10-27T23:11:25.589Z"}
{"level":"error","message":"[newBook]SequelizeDatabaseError: Table 'MyBK.isbn' doesn't exist","service":"user-service","timestamp":"2022-10-27T23:19:13.274Z"}
{"level":"info","message":"[setup] API aguardando requisições... [Porta TCP 8080]","service":"user-service","timestamp":"2022-10-27T23:23:09.762Z"}
{"level":"info","message":"[hasConnection] Conexão ao banco de dados realizada.","service":"user-service","timestamp":"2022-10-27T23:23:09.861Z"}
{"level":"info","message":"[setup] API aguardando requisições... [Porta TCP 8080]","service":"user-service","timestamp":"2022-10-27T23:23:14.559Z"}
{"level":"info","message":"[hasConnection] Conexão ao banco de dados realizada.","service":"user-service","timestamp":"2022-10-27T23:23:14.679Z"}
{"level":"info","message":"[setup] API aguardando requisições... [Porta TCP 8080]","service":"user-service","timestamp":"2022-10-27T23:23:41.332Z"}
{"level":"info","message":"[hasConnection] Conexão ao banco de dados realizada.","service":"user-service","timestamp":"2022-10-27T23:23:41.428Z"}
{"level":"info","message":"[setup] API aguardando requisições... [Porta TCP 8080]","service":"user-service","timestamp":"2022-10-27T23:35:16.756Z"}
{"level":"info","message":"[hasConnection] Conexão ao banco de dados realizada.","service":"user-service","timestamp":"2022-10-27T23:35:16.853Z"}
{"level":"info","message":"[cadastrar] Cliente cadastrado: ::ffff:127.0.0.1","service":"user-service","timestamp":"2022-10-27T23:36:20.690Z"}
{"level":"error","message":"[newBook]SequelizeDatabaseError: Unknown column 'ISBN.isbn' in 'where clause'","service":"user-service","timestamp":"2022-10-27T23:37:15.775Z"}
{"level":"info","message":"[setup] API aguardando requisições... [Porta TCP 8080]","service":"user-service","timestamp":"2022-10-27T23:38:43.965Z"}
{"level":"info","message":"[hasConnection] Conexão ao banco de dados realizada.","service":"user-service","timestamp":"2022-10-27T23:38:44.060Z"}
{"level":"info","message":"[setup] API aguardando requisições... [Porta TCP 8080]","service":"user-service","timestamp":"2022-10-27T23:39:05.452Z"}
{"level":"info","message":"[hasConnection] Conexão ao banco de dados realizada.","service":"user-service","timestamp":"2022-10-27T23:39:05.592Z"}
{"level":"info","message":"[newBook]Nova editora cadastrada: novatec","service":"user-service","timestamp":"2022-10-27T23:39:35.818Z"}
{"level":"info","message":"[newBook]Novo autor cadastrado: Aurelio Marinho Jargas","service":"user-service","timestamp":"2022-10-27T23:39:35.825Z"}
{"level":"error","message":"[newBook]TypeError: Cannot read properties of null (reading 'id')","service":"user-service","timestamp":"2022-10-27T23:39:35.939Z"}
{"level":"info","message":"[setup] API aguardando requisições... [Porta TCP 8080]","service":"user-service","timestamp":"2022-10-27T23:43:10.442Z"}
{"level":"info","message":"[hasConnection] Conexão ao banco de dados realizada.","service":"user-service","timestamp":"2022-10-27T23:43:10.548Z"}
{"level":"error","message":"[newBook]SequelizeValidationError: notNull Violation: Livros.autor_id cannot be null,\nnotNull Violation: Livros.editora_id cannot be null,\nnotNull Violation: Livros.pagina_atual cannot be null","service":"user-service","timestamp":"2022-10-27T23:43:16.829Z"}
{"level":"info","message":"[setup] API aguardando requisições... [Porta TCP 8080]","service":"user-service","timestamp":"2022-10-27T23:44:23.802Z"}
{"level":"info","message":"[hasConnection] Conexão ao banco de dados realizada.","service":"user-service","timestamp":"2022-10-27T23:44:23.897Z"}
{"level":"info","message":"[setup] API aguardando requisições... [Porta TCP 8080]","service":"user-service","timestamp":"2022-10-27T23:44:28.676Z"}
{"level":"info","message":"[hasConnection] Conexão ao banco de dados realizada.","service":"user-service","timestamp":"2022-10-27T23:44:28.795Z"}
{"level":"info","message":"[setup] API aguardando requisições... [Porta TCP 8080]","service":"user-service","timestamp":"2022-10-27T23:44:34.763Z"}
{"level":"info","message":"[hasConnection] Conexão ao banco de dados realizada.","service":"user-service","timestamp":"2022-10-27T23:44:34.873Z"}
{"level":"error","message":"[newBook]SequelizeValidationError: notNull Violation: Livros.pagina_atual cannot be null","service":"user-service","timestamp":"2022-10-27T23:44:53.796Z"}
{"level":"info","message":"[setup] API aguardando requisições... [Porta TCP 8080]","service":"user-service","timestamp":"2022-10-27T23:45:21.166Z"}
{"level":"info","message":"[hasConnection] Conexão ao banco de dados realizada.","service":"user-service","timestamp":"2022-10-27T23:45:21.256Z"}
{"level":"info","message":"[setup] API aguardando requisições... [Porta TCP 8080]","service":"user-service","timestamp":"2022-10-27T23:45:27.210Z"}
{"level":"info","message":"[hasConnection] Conexão ao banco de dados realizada.","service":"user-service","timestamp":"2022-10-27T23:45:27.324Z"}
{"level":"error","message":"[newBook]SequelizeValidationError: notNull Violation: Livros.pagina_atual cannot be null","service":"user-service","timestamp":"2022-10-27T23:45:34.761Z"}
{"level":"info","message":"[setup] API aguardando requisições... [Porta TCP 8080]","service":"user-service","timestamp":"2022-10-27T23:45:53.095Z"}
{"level":"info","message":"[hasConnection] Conexão ao banco de dados realizada.","service":"user-service","timestamp":"2022-10-27T23:45:53.187Z"}
{"level":"info","message":"[setup] API aguardando requisições... [Porta TCP 8080]","service":"user-service","timestamp":"2022-10-27T23:46:19.859Z"}
{"level":"info","message":"[hasConnection] Conexão ao banco de dados realizada.","service":"user-service","timestamp":"2022-10-27T23:46:19.953Z"}
{"level":"info","message":"[setup] API aguardando requisições... [Porta TCP 8080]","service":"user-service","timestamp":"2022-10-27T23:46:25.011Z"}
{"level":"info","message":"[hasConnection] Conexão ao banco de dados realizada.","service":"user-service","timestamp":"2022-10-27T23:46:25.119Z"}
{"level":"error","message":"[newBook]SequelizeDatabaseError: Table 'MyBK.livros' doesn't exist","service":"user-service","timestamp":"2022-10-27T23:46:47.328Z"}
{"level":"info","message":"[cadastrar] Cliente cadastrado: ::ffff:127.0.0.1","service":"user-service","timestamp":"2022-10-27T23:47:52.640Z"}
{"level":"info","message":"[newBook]Nova editora cadastrada: novatec","service":"user-service","timestamp":"2022-10-27T23:48:56.375Z"}
{"level":"info","message":"[newBook]Novo autor cadastrado: Aurelio Marinho Jargas","service":"user-service","timestamp":"2022-10-27T23:48:56.379Z"}
{"level":"error","message":"[newBook]TypeError: Cannot read properties of null (reading 'id')","service":"user-service","timestamp":"2022-10-27T23:48:56.529Z"}
{"level":"info","message":"[setup] API aguardando requisições... [Porta TCP 8080]","service":"user-service","timestamp":"2022-10-27T23:50:45.410Z"}
{"level":"info","message":"[hasConnection] Conexão ao banco de dados realizada.","service":"user-service","timestamp":"2022-10-27T23:50:45.539Z"}
{"level":"error","message":"[newBook]SequelizeDatabaseError: Incorrect integer value: 'Primeira' for column `MyBK`.`livros`.`edicao` at row 1","service":"user-service","timestamp":"2022-10-27T23:50:48.401Z"}
{"level":"error","message":"[newBook]TypeError: models_1.Editora.instance.findOneAndUpdate is not a function","service":"user-service","timestamp":"2022-10-27T23:51:15.342Z"}
{"level":"info","message":"[setup] API aguardando requisições... [Porta TCP 8080]","service":"user-service","timestamp":"2022-10-27T23:54:59.962Z"}
{"level":"info","message":"[hasConnection] Conexão ao banco de dados realizada.","service":"user-service","timestamp":"2022-10-27T23:55:00.106Z"}
{"level":"info","message":"[setup] API aguardando requisições... [Porta TCP 8080]","service":"user-service","timestamp":"2022-10-27T23:55:05.304Z"}
{"level":"info","message":"[hasConnection] Conexão ao banco de dados realizada.","service":"user-service","timestamp":"2022-10-27T23:55:05.403Z"}
{"level":"info","message":"[setup] API aguardando requisições... [Porta TCP 8080]","service":"user-service","timestamp":"2022-10-27T23:55:18.787Z"}
{"level":"info","message":"[hasConnection] Conexão ao banco de dados realizada.","service":"user-service","timestamp":"2022-10-27T23:55:18.880Z"}
{"level":"info","message":"[setup] API aguardando requisições... [Porta TCP 8080]","service":"user-service","timestamp":"2022-10-27T23:55:21.853Z"}
{"level":"info","message":"[hasConnection] Conexão ao banco de dados realizada.","service":"user-service","timestamp":"2022-10-27T23:55:21.948Z"}
{"level":"info","message":"[setup] API aguardando requisições... [Porta TCP 8080]","service":"user-service","timestamp":"2022-10-27T23:55:29.921Z"}
{"level":"info","message":"[hasConnection] Conexão ao banco de dados realizada.","service":"user-service","timestamp":"2022-10-27T23:55:30.028Z"}
{"level":"info","message":"[setup] API aguardando requisições... [Porta TCP 8080]","service":"user-service","timestamp":"2022-10-27T23:55:40.091Z"}
{"level":"info","message":"[hasConnection] Conexão ao banco de dados realizada.","service":"user-service","timestamp":"2022-10-27T23:55:40.230Z"}
{"level":"info","message":"[setup] API aguardando requisições... [Porta TCP 8080]","service":"user-service","timestamp":"2022-10-27T23:55:44.694Z"}
{"level":"info","message":"[hasConnection] Conexão ao banco de dados realizada.","service":"user-service","timestamp":"2022-10-27T23:55:44.809Z"}
{"level":"info","message":"[setup] API aguardando requisições... [Porta TCP 8080]","service":"user-service","timestamp":"2022-10-27T23:55:51.027Z"}
{"level":"info","message":"[hasConnection] Conexão ao banco de dados realizada.","service":"user-service","timestamp":"2022-10-27T23:55:51.124Z"}
{"level":"error","message":"[newBook]TypeError: models_1.Editora.instance.findOneAndUpdate is not a function","service":"user-service","timestamp":"2022-10-27T23:56:02.456Z"}
{"level":"info","message":"[setup] API aguardando requisições... [Porta TCP 8080]","service":"user-service","timestamp":"2022-10-27T23:57:14.617Z"}
{"level":"info","message":"[hasConnection] Conexão ao banco de dados realizada.","service":"user-service","timestamp":"2022-10-27T23:57:14.851Z"}
{"level":"info","message":"[setup] API aguardando requisições... [Porta TCP 8080]","service":"user-service","timestamp":"2022-10-27T23:58:32.077Z"}
{"level":"info","message":"[hasConnection] Conexão ao banco de dados realizada.","service":"user-service","timestamp":"2022-10-27T23:58:32.199Z"}
{"level":"info","message":"[setup] API aguardando requisições... [Porta TCP 8080]","service":"user-service","timestamp":"2022-10-27T23:58:39.421Z"}
{"level":"info","message":"[hasConnection] Conexão ao banco de dados realizada.","service":"user-service","timestamp":"2022-10-27T23:58:39.519Z"}
{"level":"info","message":"[setup] API aguardando requisições... [Porta TCP 8080]","service":"user-service","timestamp":"2022-10-27T23:59:56.395Z"}
{"level":"info","message":"[hasConnection] Conexão ao banco de dados realizada.","service":"user-service","timestamp":"2022-10-27T23:59:56.491Z"}
{"level":"info","message":"[setup] API aguardando requisições... [Porta TCP 8080]","service":"user-service","timestamp":"2022-10-28T00:00:08.130Z"}
{"level":"info","message":"[hasConnection] Conexão ao banco de dados realizada.","service":"user-service","timestamp":"2022-10-28T00:00:08.251Z"}
{"level":"info","message":"[setup] API aguardando requisições... [Porta TCP 8080]","service":"user-service","timestamp":"2022-10-28T00:00:10.322Z"}
{"level":"info","message":"[hasConnection] Conexão ao banco de dados realizada.","service":"user-service","timestamp":"2022-10-28T00:00:10.416Z"}
{"level":"info","message":"[setup] API aguardando requisições... [Porta TCP 8080]","service":"user-service","timestamp":"2022-10-28T00:00:48.297Z"}
{"level":"info","message":"[hasConnection] Conexão ao banco de dados realizada.","service":"user-service","timestamp":"2022-10-28T00:00:48.397Z"}
{"level":"info","message":"[setup] API aguardando requisições... [Porta TCP 8080]","service":"user-service","timestamp":"2022-10-28T00:01:21.211Z"}
{"level":"info","message":"[hasConnection] Conexão ao banco de dados realizada.","service":"user-service","timestamp":"2022-10-28T00:01:21.792Z"}
{"level":"info","message":"[setup] API aguardando requisições... [Porta TCP 8080]","service":"user-service","timestamp":"2022-10-28T00:02:07.582Z"}
{"level":"info","message":"[hasConnection] Conexão ao banco de dados realizada.","service":"user-service","timestamp":"2022-10-28T00:02:08.105Z"}
{"level":"info","message":"[newBook]Novo livro adicionado: Shell Script Profissional","service":"user-service","timestamp":"2022-10-28T00:02:41.361Z"}
{"level":"info","message":"[setup] API aguardando requisições... [Porta TCP 8080]","service":"user-service","timestamp":"2022-10-28T00:06:18.322Z"}
{"level":"info","message":"[hasConnection] Conexão ao banco de dados realizada.","service":"user-service","timestamp":"2022-10-28T00:06:19.182Z"}
{"level":"info","message":"[setup] API aguardando requisições... [Porta TCP 8080]","service":"user-service","timestamp":"2022-10-28T00:06:22.468Z"}
{"level":"info","message":"[hasConnection] Conexão ao banco de dados realizada.","service":"user-service","timestamp":"2022-10-28T00:06:22.584Z"}
{"level":"info","message":"[setup] API aguardando requisições... [Porta TCP 8080]","service":"user-service","timestamp":"2022-10-28T00:06:24.404Z"}
{"level":"info","message":"[hasConnection] Conexão ao banco de dados realizada.","service":"user-service","timestamp":"2022-10-28T00:06:24.510Z"}
{"level":"info","message":"[setup] API aguardando requisições... [Porta TCP 8080]","service":"user-service","timestamp":"2022-10-28T00:06:34.575Z"}
{"level":"info","message":"[hasConnection] Conexão ao banco de dados realizada.","service":"user-service","timestamp":"2022-10-28T00:06:34.693Z"}
{"level":"info","message":"[setup] API aguardando requisições... [Porta TCP 8080]","service":"user-service","timestamp":"2022-10-28T00:10:58.443Z"}
{"level":"info","message":"[hasConnection] Conexão ao banco de dados realizada.","service":"user-service","timestamp":"2022-10-28T00:10:58.538Z"}
{"level":"info","message":"[cadastrar] Cliente cadastrado: ::ffff:127.0.0.1","service":"user-service","timestamp":"2022-10-28T00:11:40.424Z"}
{"level":"warn","message":"[cadastrar] Tentativa repetida de cadastro: ::ffff:127.0.0.1","service":"user-service","timestamp":"2022-10-28T00:11:46.414Z"}
{"level":"info","message":"[newBook]Nova editora cadastrada: novatec","service":"user-service","timestamp":"2022-10-28T00:13:07.902Z"}
{"level":"info","message":"[newBook]Novo autor cadastrado: Aurelio Marinho Jargas","service":"user-service","timestamp":"2022-10-28T00:13:07.906Z"}
{"level":"error","message":"[newBook]TypeError: Cannot read properties of null (reading 'id')","service":"user-service","timestamp":"2022-10-28T00:13:08.091Z"}
{"level":"info","message":"[setup] API aguardando requisições... [Porta TCP 8080]","service":"user-service","timestamp":"2022-10-28T00:14:22.580Z"}
{"level":"info","message":"[hasConnection] Conexão ao banco de dados realizada.","service":"user-service","timestamp":"2022-10-28T00:14:22.714Z"}
{"level":"error","message":"[newBook]SequelizeDatabaseError: Incorrect integer value: 'Primeira' for column `MyBK`.`livros`.`edicao` at row 1","service":"user-service","timestamp":"2022-10-28T00:14:43.031Z"}
{"level":"info","message":"[newBook]Novo livro adicionado: Shell Script Profissional","service":"user-service","timestamp":"2022-10-28T00:15:04.462Z"}
{"level":"info","message":"[newBook]Novo autor cadastrado: Allen B. Downey","service":"user-service","timestamp":"2022-10-28T00:25:05.320Z"}
{"level":"error","message":"[newBook]TypeError: Cannot read properties of null (reading 'id')","service":"user-service","timestamp":"2022-10-28T00:25:05.523Z"}
{"level":"info","message":"[newBook]Novo livro adicionado: Pense em Python","service":"user-service","timestamp":"2022-10-28T00:25:42.739Z"}
{"level":"info","message":"[newBook]Novo livro adicionado: Pense em Python","service":"user-service","timestamp":"2022-10-28T00:25:54.828Z"}
{"level":"info","message":"[cadastrar] Cliente cadastrado: ::ffff:127.0.0.1","service":"user-service","timestamp":"2022-10-28T00:27:32.806Z"}
{"level":"warn","message":"[cadastrar] Tentativa repetida de cadastro: ::ffff:127.0.0.1","service":"user-service","timestamp":"2022-10-28T00:27:41.946Z"}
{"level":"info","message":"[newBook]Novo livro adicionado: Shell Script Profissional","service":"user-service","timestamp":"2022-10-28T00:28:12.733Z"}
{"level":"info","message":"[newBook]Novo livro adicionado: Pense em Python","service":"user-service","timestamp":"2022-10-28T00:28:26.149Z"}
{"level":"error","message":"[setMarker] Pagina informada 0 é menor ou igual a página atual (null)","service":"user-service","timestamp":"2022-10-28T00:31:56.039Z"}
{"level":"error","message":"[setMarker]AssertionError [ERR_ASSERTION]: Missing where attribute in the options parameter","service":"user-service","timestamp":"2022-10-28T00:32:02.881Z"}
{"level":"error","message":"[setMarker]AssertionError [ERR_ASSERTION]: Missing where attribute in the options parameter","service":"user-service","timestamp":"2022-10-28T00:33:00.022Z"}
{"level":"error","message":"[setMarker]AssertionError [ERR_ASSERTION]: Missing where attribute in the options parameter","service":"user-service","timestamp":"2022-10-28T00:33:05.032Z"}
{"level":"error","message":"[setMarker]AssertionError [ERR_ASSERTION]: Missing where attribute in the options parameter","service":"user-service","timestamp":"2022-10-28T00:33:06.420Z"}
{"level":"error","message":"[purgeBook]Erro ao deletar livro do banco: TypeError: models_1.Livro.instance.deleteOne is not a function-  ::ffff:127.0.0.1","service":"user-service","timestamp":"2022-10-28T00:34:33.882Z"}
{"level":"info","message":"[setup] API aguardando requisições... [Porta TCP 8080]","service":"user-service","timestamp":"2022-10-28T00:34:52.053Z"}
{"level":"info","message":"[hasConnection] Conexão ao banco de dados realizada.","service":"user-service","timestamp":"2022-10-28T00:34:52.153Z"}
{"level":"error","message":"[purgeBook]Erro ao deletar livro do banco: TypeError: models_1.Livro.instance.delete is not a function-  ::ffff:127.0.0.1","service":"user-service","timestamp":"2022-10-28T00:34:59.015Z"}
{"level":"info","message":"[setup] API aguardando requisições... [Porta TCP 8080]","service":"user-service","timestamp":"2022-10-28T00:36:06.155Z"}
{"level":"info","message":"[hasConnection] Conexão ao banco de dados realizada.","service":"user-service","timestamp":"2022-10-28T00:36:06.260Z"}
{"level":"info","message":"[setup] API aguardando requisições... [Porta TCP 8080]","service":"user-service","timestamp":"2022-10-28T00:36:09.656Z"}
{"level":"info","message":"[hasConnection] Conexão ao banco de dados realizada.","service":"user-service","timestamp":"2022-10-28T00:36:09.793Z"}
{"level":"info","message":"[setup] API aguardando requisições... [Porta TCP 8080]","service":"user-service","timestamp":"2022-10-28T00:36:12.020Z"}
{"level":"info","message":"[hasConnection] Conexão ao banco de dados realizada.","service":"user-service","timestamp":"2022-10-28T00:36:12.117Z"}
{"level":"info","message":"[setup] API aguardando requisições... [Porta TCP 8080]","service":"user-service","timestamp":"2022-10-28T00:36:13.776Z"}
{"level":"info","message":"[hasConnection] Conexão ao banco de dados realizada.","service":"user-service","timestamp":"2022-10-28T00:36:13.868Z"}
{"level":"error","message":"[userAuthors]Erro de consulta (autores) : TypeError: models_1.Autor.instance.find is not a function-  ::ffff:127.0.0.1","service":"user-service","timestamp":"2022-10-28T00:36:19.129Z"}
{"level":"info","message":"[setup] API aguardando requisições... [Porta TCP 8080]","service":"user-service","timestamp":"2022-10-28T00:36:50.542Z"}
{"level":"info","message":"[hasConnection] Conexão ao banco de dados realizada.","service":"user-service","timestamp":"2022-10-28T00:36:50.672Z"}
{"level":"info","message":"[setup] API aguardando requisições... [Porta TCP 8080]","service":"user-service","timestamp":"2022-10-28T00:36:52.456Z"}
{"level":"info","message":"[hasConnection] Conexão ao banco de dados realizada.","service":"user-service","timestamp":"2022-10-28T00:36:52.540Z"}
{"level":"error","message":"[userAuthors]Erro de consulta (autores) : SequelizeDatabaseError: Unknown column 'Usuarios.id_usuario' in 'where clause'-  ::ffff:127.0.0.1","service":"user-service","timestamp":"2022-10-28T00:36:56.579Z"}
{"level":"info","message":"[setup] API aguardando requisições... [Porta TCP 8080]","service":"user-service","timestamp":"2022-10-28T00:50:19.766Z"}
{"level":"info","message":"[hasConnection] Conexão ao banco de dados realizada.","service":"user-service","timestamp":"2022-10-28T00:50:19.899Z"}
{"level":"info","message":"[cadastrar] Cliente cadastrado: ::ffff:127.0.0.1","service":"user-service","timestamp":"2022-10-28T00:50:41.503Z"}
{"level":"warn","message":"[cadastrar] Tentativa repetida de cadastro: ::ffff:127.0.0.1","service":"user-service","timestamp":"2022-10-28T00:50:43.041Z"}
{"level":"info","message":"[cadastrar] Cliente cadastrado: ::ffff:127.0.0.1","service":"user-service","timestamp":"2022-10-28T00:50:56.384Z"}
{"level":"warn","message":"[cadastrar] Tentativa repetida de cadastro: ::ffff:127.0.0.1","service":"user-service","timestamp":"2022-10-28T00:50:57.794Z"}
{"level":"info","message":"[newBook]Nova editora cadastrada: novatec -  ::ffff:127.0.0.1","service":"user-service","timestamp":"2022-10-28T00:52:53.974Z"}
{"level":"info","message":"[newBook]Novo autor cadastrado: Aurelio Marinho Jargas -  ::ffff:127.0.0.1","service":"user-service","timestamp":"2022-10-28T00:52:53.981Z"}
{"level":"error","message":"[newBook]TypeError: Cannot read properties of null (reading 'id') -  ::ffff:127.0.0.1","service":"user-service","timestamp":"2022-10-28T00:52:54.129Z"}
{"level":"info","message":"[newBook]Novo livro adicionado: Shell Script Profissional -  ::ffff:127.0.0.1","service":"user-service","timestamp":"2022-10-28T00:52:56.538Z"}
{"level":"info","message":"[newBook]Livro já cadastrado nesta conta -  ::ffff:127.0.0.1","service":"user-service","timestamp":"2022-10-28T00:52:58.683Z"}
{"level":"info","message":"[newBook]Novo livro adicionado: Shell Script Profissional -  ::ffff:127.0.0.1","service":"user-service","timestamp":"2022-10-28T00:53:05.601Z"}
{"level":"info","message":"[newBook]Livro já cadastrado nesta conta -  ::ffff:127.0.0.1","service":"user-service","timestamp":"2022-10-28T00:53:06.501Z"}
{"level":"info","message":"[newBook]Novo autor cadastrado: Allen B. Downey -  ::ffff:127.0.0.1","service":"user-service","timestamp":"2022-10-28T00:53:18.415Z"}
{"level":"error","message":"[newBook]TypeError: Cannot read properties of null (reading 'id') -  ::ffff:127.0.0.1","service":"user-service","timestamp":"2022-10-28T00:53:18.729Z"}
{"level":"info","message":"[newBook]Novo livro adicionado: Pense em Python -  ::ffff:127.0.0.1","service":"user-service","timestamp":"2022-10-28T00:53:19.842Z"}
{"level":"info","message":"[newBook]Livro já cadastrado nesta conta -  ::ffff:127.0.0.1","service":"user-service","timestamp":"2022-10-28T00:53:20.853Z"}
{"level":"info","message":"[newBook]Novo livro adicionado: Pense em Python -  ::ffff:127.0.0.1","service":"user-service","timestamp":"2022-10-28T00:53:26.612Z"}
{"level":"info","message":"[newBook]Livro já cadastrado nesta conta -  ::ffff:127.0.0.1","service":"user-service","timestamp":"2022-10-28T00:53:27.605Z"}
{"level":"info","message":"[setup] API aguardando requisições... [Porta TCP 8080]","service":"user-service","timestamp":"2022-10-28T00:56:47.898Z"}
{"level":"info","message":"[hasConnection] Conexão ao banco de dados realizada.","service":"user-service","timestamp":"2022-10-28T00:56:47.992Z"}
{"level":"info","message":"[setup] API aguardando requisições... [Porta TCP 8080]","service":"user-service","timestamp":"2022-10-28T00:56:50.655Z"}
{"level":"info","message":"[hasConnection] Conexão ao banco de dados realizada.","service":"user-service","timestamp":"2022-10-28T00:56:50.746Z"}
{"level":"info","message":"[setup] API aguardando requisições... [Porta TCP 8080]","service":"user-service","timestamp":"2022-10-28T00:57:50.949Z"}
{"level":"info","message":"[hasConnection] Conexão ao banco de dados realizada.","service":"user-service","timestamp":"2022-10-28T00:57:51.061Z"}
{"level":"info","message":"[setup] API aguardando requisições... [Porta TCP 8080]","service":"user-service","timestamp":"2022-10-28T00:57:53.658Z"}
{"level":"info","message":"[hasConnection] Conexão ao banco de dados realizada.","service":"user-service","timestamp":"2022-10-28T00:57:53.756Z"}
{"level":"info","message":"[setup] API aguardando requisições... [Porta TCP 8080]","service":"user-service","timestamp":"2022-10-28T01:05:29.384Z"}
{"level":"info","message":"[hasConnection] Conexão ao banco de dados realizada.","service":"user-service","timestamp":"2022-10-28T01:05:30.115Z"}
{"level":"info","message":"[setup] API aguardando requisições... [Porta TCP 8080]","service":"user-service","timestamp":"2022-10-28T01:07:40.192Z"}
{"level":"info","message":"[hasConnection] Conexão ao banco de dados realizada.","service":"user-service","timestamp":"2022-10-28T01:07:40.309Z"}
{"level":"info","message":"[setup] API aguardando requisições... [Porta TCP 8080]","service":"user-service","timestamp":"2022-10-28T01:07:48.374Z"}
{"level":"info","message":"[hasConnection] Conexão ao banco de dados realizada.","service":"user-service","timestamp":"2022-10-28T01:07:48.478Z"}
{"level":"info","message":"[setup] API aguardando requisições... [Porta TCP 8080]","service":"user-service","timestamp":"2022-10-28T01:08:03.038Z"}
{"level":"info","message":"[hasConnection] Conexão ao banco de dados realizada.","service":"user-service","timestamp":"2022-10-28T01:08:03.159Z"}
{"level":"info","message":"[setup] API aguardando requisições... [Porta TCP 8080]","service":"user-service","timestamp":"2022-10-28T01:08:08.575Z"}
{"level":"info","message":"[hasConnection] Conexão ao banco de dados realizada.","service":"user-service","timestamp":"2022-10-28T01:08:08.671Z"}
{"level":"info","message":"[setMarker] Página null do livro Shell Script Profissional marcada","service":"user-service","timestamp":"2022-10-28T01:08:44.831Z"}
{"level":"info","message":"[setup] API aguardando requisições... [Porta TCP 8080]","service":"user-service","timestamp":"2022-10-28T01:09:31.890Z"}
{"level":"info","message":"[hasConnection] Conexão ao banco de dados realizada.","service":"user-service","timestamp":"2022-10-28T01:09:32.044Z"}
{"level":"info","message":"[setup] API aguardando requisições... [Porta TCP 8080]","service":"user-service","timestamp":"2022-10-28T01:10:48.101Z"}
{"level":"info","message":"[hasConnection] Conexão ao banco de dados realizada.","service":"user-service","timestamp":"2022-10-28T01:10:48.236Z"}
{"level":"error","message":"[setMarker] Livro blabla não encontrado.","service":"user-service","timestamp":"2022-10-28T01:11:12.556Z"}
{"level":"error","message":"[setMarker] Pagina informada 50 é menor ou igual a página atual (50)","service":"user-service","timestamp":"2022-10-28T01:11:25.130Z"}
{"level":"info","message":"[setMarker] Página 50 do livro Pense em Python marcada","service":"user-service","timestamp":"2022-10-28T01:11:33.639Z"}
{"level":"info","message":"[setup] API aguardando requisições... [Porta TCP 8080]","service":"user-service","timestamp":"2022-10-28T01:12:35.679Z"}
{"level":"info","message":"[hasConnection] Conexão ao banco de dados realizada.","service":"user-service","timestamp":"2022-10-28T01:12:35.772Z"}
{"level":"info","message":"[setup] API aguardando requisições... [Porta TCP 8080]","service":"user-service","timestamp":"2022-10-28T01:13:02.195Z"}
{"level":"info","message":"[hasConnection] Conexão ao banco de dados realizada.","service":"user-service","timestamp":"2022-10-28T01:13:02.314Z"}
{"level":"info","message":"[setup] API aguardando requisições... [Porta TCP 8080]","service":"user-service","timestamp":"2022-10-28T01:13:03.821Z"}
{"level":"info","message":"[hasConnection] Conexão ao banco de dados realizada.","service":"user-service","timestamp":"2022-10-28T01:13:03.955Z"}
{"level":"info","message":"[setup] API aguardando requisições... [Porta TCP 8080]","service":"user-service","timestamp":"2022-10-28T01:13:27.054Z"}
{"level":"info","message":"[hasConnection] Conexão ao banco de dados realizada.","service":"user-service","timestamp":"2022-10-28T01:13:27.160Z"}
{"level":"error","message":"[setMarker] Pagina informada 90 é menor ou igual a página atual (90)","service":"user-service","timestamp":"2022-10-28T01:13:46.647Z"}
{"level":"info","message":"[setMarker] Página 90 do livro Pense em Python marcada","service":"user-service","timestamp":"2022-10-28T01:13:55.299Z"}
{"level":"info","message":"[setup] API aguardando requisições... [Porta TCP 8080]","service":"user-service","timestamp":"2022-10-28T01:15:43.205Z"}
{"level":"info","message":"[hasConnection] Conexão ao banco de dados realizada.","service":"user-service","timestamp":"2022-10-28T01:15:43.298Z"}
{"level":"info","message":"[setup] API aguardando requisições... [Porta TCP 8080]","service":"user-service","timestamp":"2022-10-28T01:16:26.339Z"}
{"level":"info","message":"[hasConnection] Conexão ao banco de dados realizada.","service":"user-service","timestamp":"2022-10-28T01:16:26.597Z"}
{"level":"info","message":"[setup] API aguardando requisições... [Porta TCP 8080]","service":"user-service","timestamp":"2022-10-28T01:16:28.822Z"}
{"level":"info","message":"[hasConnection] Conexão ao banco de dados realizada.","service":"user-service","timestamp":"2022-10-28T01:16:28.927Z"}
{"level":"info","message":"[setup] API aguardando requisições... [Porta TCP 8080]","service":"user-service","timestamp":"2022-10-28T01:16:38.703Z"}
{"level":"info","message":"[hasConnection] Conexão ao banco de dados realizada.","service":"user-service","timestamp":"2022-10-28T01:16:39.038Z"}
{"level":"info","message":"[setup] API aguardando requisições... [Porta TCP 8080]","service":"user-service","timestamp":"2022-10-28T01:17:22.640Z"}
{"level":"info","message":"[hasConnection] Conexão ao banco de dados realizada.","service":"user-service","timestamp":"2022-10-28T01:17:22.749Z"}
{"level":"info","message":"[setMarker] Página 160 do livro Pense em Python marcada","service":"user-service","timestamp":"2022-10-28T01:17:38.370Z"}
{"level":"info","message":"[setup] API aguardando requisições... [Porta TCP 8080]","service":"user-service","timestamp":"2022-10-28T01:17:55.489Z"}
{"level":"info","message":"[hasConnection] Conexão ao banco de dados realizada.","service":"user-service","timestamp":"2022-10-28T01:17:55.597Z"}
{"level":"info","message":"[setMarker] Página 300 do livro Pense em Python marcada","service":"user-service","timestamp":"2022-10-28T01:18:41.285Z"}
{"level":"info","message":"[setup] API aguardando requisições... [Porta TCP 8080]","service":"user-service","timestamp":"2022-10-28T01:19:29.404Z"}
{"level":"info","message":"[hasConnection] Conexão ao banco de dados realizada.","service":"user-service","timestamp":"2022-10-28T01:19:29.566Z"}
{"level":"info","message":"[setup] API aguardando requisições... [Porta TCP 8080]","service":"user-service","timestamp":"2022-11-02T03:44:06.255Z"}
{"level":"info","message":"[hasConnection] Conexão ao banco de dados realizada.","service":"user-service","timestamp":"2022-11-02T03:44:06.518Z"}
{"level":"info","message":"[cadastrar] Cliente cadastrado: ::ffff:127.0.0.1","service":"user-service","timestamp":"2022-11-02T03:53:42.254Z"}
{"level":"info","message":"[cadastrar] Cliente cadastrado: ::ffff:127.0.0.1","service":"user-service","timestamp":"2022-11-02T03:54:00.060Z"}
{"level":"info","message":"[newBook]Nova editora cadastrada: novatec -  ::ffff:127.0.0.1","service":"user-service","timestamp":"2022-11-02T03:57:05.462Z"}
{"level":"info","message":"[newBook]Novo autor cadastrado: Aurelio Marinho Jargas -  ::ffff:127.0.0.1","service":"user-service","timestamp":"2022-11-02T03:57:05.465Z"}
{"level":"error","message":"[newBook]TypeError: Cannot read properties of null (reading 'id') -  ::ffff:127.0.0.1","service":"user-service","timestamp":"2022-11-02T03:57:05.652Z"}
{"level":"info","message":"[newBook]Novo livro adicionado: Shell Script Profissional -  ::ffff:127.0.0.1","service":"user-service","timestamp":"2022-11-02T03:57:09.600Z"}
{"level":"info","message":"[newBook]Novo livro adicionado: Shell Script Profissional -  ::ffff:127.0.0.1","service":"user-service","timestamp":"2022-11-02T03:57:24.872Z"}
{"level":"info","message":"[newBook]Livro já cadastrado nesta conta -  ::ffff:127.0.0.1","service":"user-service","timestamp":"2022-11-02T03:57:25.782Z"}
{"level":"info","message":"[newBook]Novo autor cadastrado: Allen B. Downey -  ::ffff:127.0.0.1","service":"user-service","timestamp":"2022-11-02T03:58:43.185Z"}
{"level":"error","message":"[newBook]TypeError: Cannot read properties of null (reading 'id') -  ::ffff:127.0.0.1","service":"user-service","timestamp":"2022-11-02T03:58:44.627Z"}
{"level":"info","message":"[newBook]Novo livro adicionado: Pense em Python -  ::ffff:127.0.0.1","service":"user-service","timestamp":"2022-11-02T03:58:51.890Z"}
{"level":"info","message":"[newBook]Livro já cadastrado nesta conta -  ::ffff:127.0.0.1","service":"user-service","timestamp":"2022-11-02T03:58:55.549Z"}
{"level":"info","message":"[newBook]Novo livro adicionado: Pense em Python -  ::ffff:127.0.0.1","service":"user-service","timestamp":"2022-11-02T03:59:00.679Z"}
{"level":"info","message":"[newBook]Livro já cadastrado nesta conta -  ::ffff:127.0.0.1","service":"user-service","timestamp":"2022-11-02T03:59:02.018Z"}
{"level":"info","message":"[setMarker] Página null do livro Pense em Python marcada","service":"user-service","timestamp":"2022-11-02T04:01:38.081Z"}
{"level":"info","message":"[setMarker] Página 50 do livro Pense em Python marcada","service":"user-service","timestamp":"2022-11-02T04:01:54.527Z"}
{"level":"info","message":"[setMarker] Página null do livro Pense em Python marcada","service":"user-service","timestamp":"2022-11-02T04:02:16.086Z"}
{"level":"info","message":"[setMarker] Página null do livro Shell Script Profissional marcada","service":"user-service","timestamp":"2022-11-02T04:02:39.806Z"}
{"level":"info","message":"[setMarker] Página null do livro Shell Script Profissional marcada","service":"user-service","timestamp":"2022-11-02T04:02:50.229Z"}
{"level":"info","message":"[setup] API aguardando requisições... [Porta TCP 8080]","service":"user-service","timestamp":"2022-11-02T04:07:25.246Z"}
{"level":"info","message":"[hasConnection] Conexão ao banco de dados realizada.","service":"user-service","timestamp":"2022-11-02T04:07:25.484Z"}
{"level":"error","message":"[purgeBook]Erro ao deletar livro do banco: TypeError: models_1.Livro.instance.delete is not a function-  ::ffff:127.0.0.1","service":"user-service","timestamp":"2022-11-02T04:09:26.343Z"}
{"level":"info","message":"[setup] API aguardando requisições... [Porta TCP 8080]","service":"user-service","timestamp":"2022-11-02T04:09:57.983Z"}
{"level":"info","message":"[hasConnection] Conexão ao banco de dados realizada.","service":"user-service","timestamp":"2022-11-02T04:09:58.079Z"}
{"level":"info","message":"[setup] API aguardando requisições... [Porta TCP 8080]","service":"user-service","timestamp":"2022-11-02T04:09:59.585Z"}
{"level":"info","message":"[hasConnection] Conexão ao banco de dados realizada.","service":"user-service","timestamp":"2022-11-02T04:09:59.683Z"}
{"level":"info","message":"[setup] API aguardando requisições... [Porta TCP 8080]","service":"user-service","timestamp":"2022-11-02T04:10:05.717Z"}
{"level":"info","message":"[hasConnection] Conexão ao banco de dados realizada.","service":"user-service","timestamp":"2022-11-02T04:10:05.860Z"}
{"level":"info","message":"[setup] API aguardando requisições... [Porta TCP 8080]","service":"user-service","timestamp":"2022-11-02T04:10:08.802Z"}
{"level":"info","message":"[hasConnection] Conexão ao banco de dados realizada.","service":"user-service","timestamp":"2022-11-02T04:10:08.898Z"}
{"level":"info","message":"[setup] API aguardando requisições... [Porta TCP 8080]","service":"user-service","timestamp":"2022-11-02T04:10:10.748Z"}
{"level":"info","message":"[hasConnection] Conexão ao banco de dados realizada.","service":"user-service","timestamp":"2022-11-02T04:10:10.880Z"}
{"level":"info","message":"[setup] API aguardando requisições... [Porta TCP 8080]","service":"user-service","timestamp":"2022-11-02T04:10:21.289Z"}
{"level":"info","message":"[hasConnection] Conexão ao banco de dados realizada.","service":"user-service","timestamp":"2022-11-02T04:10:21.388Z"}
{"level":"info","message":"[setup] API aguardando requisições... [Porta TCP 8080]","service":"user-service","timestamp":"2022-11-02T04:10:24.834Z"}
{"level":"info","message":"[hasConnection] Conexão ao banco de dados realizada.","service":"user-service","timestamp":"2022-11-02T04:10:24.965Z"}
{"level":"info","message":"[setup] API aguardando requisições... [Porta TCP 8080]","service":"user-service","timestamp":"2022-11-02T04:10:26.206Z"}
{"level":"info","message":"[hasConnection] Conexão ao banco de dados realizada.","service":"user-service","timestamp":"2022-11-02T04:10:26.309Z"}
{"level":"info","message":"[setup] API aguardando requisições... [Porta TCP 8080]","service":"user-service","timestamp":"2022-11-02T04:10:34.847Z"}
{"level":"info","message":"[hasConnection] Conexão ao banco de dados realizada.","service":"user-service","timestamp":"2022-11-02T04:10:34.953Z"}
{"level":"info","message":"[setup] API aguardando requisições... [Porta TCP 8080]","service":"user-service","timestamp":"2022-11-02T04:10:39.171Z"}
{"level":"info","message":"[hasConnection] Conexão ao banco de dados realizada.","service":"user-service","timestamp":"2022-11-02T04:10:39.310Z"}
{"level":"info","message":"[setup] API aguardando requisições... [Porta TCP 8080]","service":"user-service","timestamp":"2022-11-02T04:11:26.045Z"}
{"level":"info","message":"[hasConnection] Conexão ao banco de dados realizada.","service":"user-service","timestamp":"2022-11-02T04:11:26.160Z"}
{"level":"info","message":"[setup] API aguardando requisições... [Porta TCP 8080]","service":"user-service","timestamp":"2022-11-02T04:11:29.874Z"}
{"level":"info","message":"[hasConnection] Conexão ao banco de dados realizada.","service":"user-service","timestamp":"2022-11-02T04:11:29.971Z"}
{"level":"info","message":"[setup] API aguardando requisições... [Porta TCP 8080]","service":"user-service","timestamp":"2022-11-02T04:11:42.400Z"}
{"level":"info","message":"[hasConnection] Conexão ao banco de dados realizada.","service":"user-service","timestamp":"2022-11-02T04:11:42.507Z"}
{"level":"info","message":"[setup] API aguardando requisições... [Porta TCP 8080]","service":"user-service","timestamp":"2022-11-02T04:11:52.748Z"}
{"level":"info","message":"[hasConnection] Conexão ao banco de dados realizada.","service":"user-service","timestamp":"2022-11-02T04:11:52.842Z"}
{"level":"info","message":"[purgeBook]Livro Shell Script Profissional deletado. -  ::ffff:127.0.0.1","service":"user-service","timestamp":"2022-11-02T04:11:58.214Z"}
{"level":"info","message":"[setup] API aguardando requisições... [Porta TCP 8080]","service":"user-service","timestamp":"2022-11-02T04:12:52.959Z"}
{"level":"info","message":"[hasConnection] Conexão ao banco de dados realizada.","service":"user-service","timestamp":"2022-11-02T04:12:53.070Z"}
{"level":"info","message":"[setup] API aguardando requisições... [Porta TCP 8080]","service":"user-service","timestamp":"2022-11-02T04:13:10.292Z"}
{"level":"info","message":"[hasConnection] Conexão ao banco de dados realizada.","service":"user-service","timestamp":"2022-11-02T04:13:10.410Z"}
{"level":"info","message":"[setup] API aguardando requisições... [Porta TCP 8080]","service":"user-service","timestamp":"2022-11-02T04:13:12.160Z"}
{"level":"info","message":"[hasConnection] Conexão ao banco de dados realizada.","service":"user-service","timestamp":"2022-11-02T04:13:12.259Z"}
{"level":"info","message":"[setup] API aguardando requisições... [Porta TCP 8080]","service":"user-service","timestamp":"2022-11-02T04:13:16.714Z"}
{"level":"info","message":"[hasConnection] Conexão ao banco de dados realizada.","service":"user-service","timestamp":"2022-11-02T04:13:16.819Z"}
{"level":"info","message":"[setup] API aguardando requisições... [Porta TCP 8080]","service":"user-service","timestamp":"2022-11-02T04:13:19.218Z"}
{"level":"info","message":"[hasConnection] Conexão ao banco de dados realizada.","service":"user-service","timestamp":"2022-11-02T04:13:19.341Z"}
{"level":"info","message":"[setup] API aguardando requisições... [Porta TCP 8080]","service":"user-service","timestamp":"2022-11-02T04:21:49.285Z"}
{"level":"info","message":"[hasConnection] Conexão ao banco de dados realizada.","service":"user-service","timestamp":"2022-11-02T04:21:49.843Z"}
{"level":"info","message":"[newBook]Novo livro adicionado: Shell Script Profissional -  ::ffff:127.0.0.1","service":"user-service","timestamp":"2022-11-02T04:22:24.774Z"}
{"level":"error","message":"[purgeBook]Erro ao deletar livro do banco: SequelizeDatabaseError: Unknown column 'Editoras.id_usuario' in 'where clause'-  ::ffff:127.0.0.1","service":"user-service","timestamp":"2022-11-02T04:23:19.662Z"}
{"level":"error","message":"[purgeBook]Erro ao deletar livro do banco: SequelizeDatabaseError: Unknown column 'Editoras.id_usuario' in 'where clause'-  ::ffff:127.0.0.1","service":"user-service","timestamp":"2022-11-02T04:23:27.909Z"}
{"level":"error","message":"[purgeBook]Erro ao deletar livro do banco: SequelizeDatabaseError: Unknown column 'Editoras.id_usuario' in 'where clause'-  ::ffff:127.0.0.1","service":"user-service","timestamp":"2022-11-02T04:23:43.516Z"}
{"level":"info","message":"[setup] API aguardando requisições... [Porta TCP 8080]","service":"user-service","timestamp":"2022-11-02T04:25:11.364Z"}
{"level":"info","message":"[hasConnection] Conexão ao banco de dados realizada.","service":"user-service","timestamp":"2022-11-02T04:25:11.483Z"}
{"level":"info","message":"[setup] API aguardando requisições... [Porta TCP 8080]","service":"user-service","timestamp":"2022-11-02T04:25:13.817Z"}
{"level":"info","message":"[hasConnection] Conexão ao banco de dados realizada.","service":"user-service","timestamp":"2022-11-02T04:25:13.910Z"}
{"level":"info","message":"[purgeBook]Livro Shell Script Profissional deletado. -  ::ffff:127.0.0.1","service":"user-service","timestamp":"2022-11-02T04:25:29.725Z"}
{"level":"info","message":"[setup] API aguardando requisições... [Porta TCP 8080]","service":"user-service","timestamp":"2022-11-02T04:26:32.702Z"}
{"level":"info","message":"[hasConnection] Conexão ao banco de dados realizada.","service":"user-service","timestamp":"2022-11-02T04:26:32.843Z"}
{"level":"info","message":"[setup] API aguardando requisições... [Porta TCP 8080]","service":"user-service","timestamp":"2022-11-02T04:32:56.902Z"}
{"level":"info","message":"[hasConnection] Conexão ao banco de dados realizada.","service":"user-service","timestamp":"2022-11-02T04:32:57.022Z"}
{"level":"error","message":"[purgeBook]Erro ao deletar livro do banco: SequelizeValidationError: notNull Violation: Editoras.nome cannot be null-  ::ffff:127.0.0.1","service":"user-service","timestamp":"2022-11-02T04:33:02.804Z"}
{"level":"info","message":"[setup] API aguardando requisições... [Porta TCP 8080]","service":"user-service","timestamp":"2022-11-02T04:33:29.595Z"}
{"level":"info","message":"[hasConnection] Conexão ao banco de dados realizada.","service":"user-service","timestamp":"2022-11-02T04:33:29.683Z"}
{"level":"info","message":"[setup] API aguardando requisições... [Porta TCP 8080]","service":"user-service","timestamp":"2022-11-02T04:37:48.840Z"}
{"level":"info","message":"[hasConnection] Conexão ao banco de dados realizada.","service":"user-service","timestamp":"2022-11-02T04:37:48.987Z"}
{"level":"error","message":"[getBook]Erro fazer consulta de lista (livros): TypeError: models_1.Livro.instance.find is not a function-  ::ffff:127.0.0.1","service":"user-service","timestamp":"2022-11-02T04:37:54.677Z"}
{"level":"info","message":"[setup] API aguardando requisições... [Porta TCP 8080]","service":"user-service","timestamp":"2022-11-02T04:38:18.915Z"}
{"level":"info","message":"[hasConnection] Conexão ao banco de dados realizada.","service":"user-service","timestamp":"2022-11-02T04:38:19.008Z"}
{"level":"error","message":"[getBook]Erro fazer consulta de lista (livros): TypeError: models_1.Livro.instance.find is not a function-  ::ffff:127.0.0.1","service":"user-service","timestamp":"2022-11-02T04:38:25.991Z"}
{"level":"error","message":"[getBook]Erro fazer consulta de lista (livros): TypeError: models_1.Livro.instance.find is not a function-  ::ffff:127.0.0.1","service":"user-service","timestamp":"2022-11-02T04:38:29.493Z"}
{"level":"error","message":"[getBook]Erro fazer consulta de lista (livros): TypeError: models_1.Livro.instance.find is not a function-  ::ffff:127.0.0.1","service":"user-service","timestamp":"2022-11-02T04:38:30.477Z"}
{"level":"info","message":"[setup] API aguardando requisições... [Porta TCP 8080]","service":"user-service","timestamp":"2022-11-02T04:38:59.369Z"}
{"level":"info","message":"[hasConnection] Conexão ao banco de dados realizada.","service":"user-service","timestamp":"2022-11-02T04:38:59.486Z"}
{"level":"info","message":"[getBook]Consulta de lista (livros) realizada. -  ::ffff:127.0.0.1","service":"user-service","timestamp":"2022-11-02T04:39:08.821Z"}
{"level":"info","message":"[getBook]Consulta de lista (livros) realizada. -  ::ffff:127.0.0.1","service":"user-service","timestamp":"2022-11-02T04:39:48.023Z"}
{"level":"info","message":"[getBook]Consulta de lista (livros) realizada. -  ::ffff:127.0.0.1","service":"user-service","timestamp":"2022-11-02T04:39:50.355Z"}
{"level":"info","message":"[getBook]Consulta de lista (livros) realizada. -  ::ffff:127.0.0.1","service":"user-service","timestamp":"2022-11-02T04:39:52.014Z"}
{"level":"info","message":"[getBook]Consulta de lista (livros) realizada. -  ::ffff:127.0.0.1","service":"user-service","timestamp":"2022-11-02T04:39:52.750Z"}
{"level":"info","message":"[getBook]Consulta de lista (livros) realizada. -  ::ffff:127.0.0.1","service":"user-service","timestamp":"2022-11-02T04:39:53.458Z"}
{"level":"info","message":"[getBook]Consulta de lista (livros) realizada. -  ::ffff:127.0.0.1","service":"user-service","timestamp":"2022-11-02T04:40:26.005Z"}
{"level":"info","message":"[newBook]Novo livro adicionado: Shell Script Profissional -  ::ffff:127.0.0.1","service":"user-service","timestamp":"2022-11-02T04:42:23.047Z"}
{"level":"info","message":"[newBook]Novo livro adicionado: Shell Script Profissional -  ::ffff:127.0.0.1","service":"user-service","timestamp":"2022-11-02T04:42:27.511Z"}
{"level":"info","message":"[getBook]Consulta de lista (livros) realizada. -  ::ffff:127.0.0.1","service":"user-service","timestamp":"2022-11-02T04:42:50.323Z"}
{"level":"info","message":"[getBook]Consulta de lista (livros) realizada. -  ::ffff:127.0.0.1","service":"user-service","timestamp":"2022-11-02T04:42:59.073Z"}
{"level":"info","message":"[setup] API aguardando requisições... [Porta TCP 8080]","service":"user-service","timestamp":"2022-11-02T04:44:02.757Z"}
{"level":"info","message":"[hasConnection] Conexão ao banco de dados realizada.","service":"user-service","timestamp":"2022-11-02T04:44:02.900Z"}
{"level":"info","message":"[setup] API aguardando requisições... [Porta TCP 8080]","service":"user-service","timestamp":"2022-11-02T04:44:05.508Z"}
{"level":"info","message":"[hasConnection] Conexão ao banco de dados realizada.","service":"user-service","timestamp":"2022-11-02T04:44:05.613Z"}
{"level":"info","message":"[getBook]Consulta de lista (livros) realizada. -  ::ffff:127.0.0.1","service":"user-service","timestamp":"2022-11-02T04:44:31.323Z"}
{"level":"info","message":"[getBook]Consulta de lista (livros) realizada. -  ::ffff:127.0.0.1","service":"user-service","timestamp":"2022-11-02T04:45:13.826Z"}
{"level":"info","message":"[setup] API aguardando requisições... [Porta TCP 8080]","service":"user-service","timestamp":"2022-11-02T04:47:43.693Z"}
{"level":"info","message":"[hasConnection] Conexão ao banco de dados realizada.","service":"user-service","timestamp":"2022-11-02T04:47:43.811Z"}
{"level":"info","message":"[userBook]Consulta (livros) do usuário undefined realizada. - ::ffff:127.0.0.1","service":"user-service","timestamp":"2022-11-02T04:48:43.383Z"}
{"level":"info","message":"[userBook]Consulta (livros) do usuário undefined realizada. - ::ffff:127.0.0.1","service":"user-service","timestamp":"2022-11-02T04:48:56.723Z"}
{"level":"error","message":"[userPublishers]Erro de consulta (editoras) : SequelizeDatabaseError: Unknown column 'Editoras.id_usuario' in 'where clause'-  ::ffff:127.0.0.1","service":"user-service","timestamp":"2022-11-02T04:50:25.007Z"}
{"level":"error","message":"[userPublishers]Erro de consulta (editoras) : SequelizeDatabaseError: Unknown column 'Editoras.id_usuario' in 'where clause'-  ::ffff:127.0.0.1","service":"user-service","timestamp":"2022-11-02T04:50:28.665Z"}
{"level":"info","message":"[setup] API aguardando requisições... [Porta TCP 8080]","service":"user-service","timestamp":"2022-11-02T04:51:04.155Z"}
{"level":"info","message":"[hasConnection] Conexão ao banco de dados realizada.","service":"user-service","timestamp":"2022-11-02T04:51:04.262Z"}
{"level":"info","message":"[setup] API aguardando requisições... [Porta TCP 8080]","service":"user-service","timestamp":"2022-11-02T04:51:20.264Z"}
{"level":"info","message":"[hasConnection] Conexão ao banco de dados realizada.","service":"user-service","timestamp":"2022-11-02T04:51:20.366Z"}
{"level":"info","message":"[userPublishers]Consulta (editoras) do usuário undefined realizada. -  ::ffff:127.0.0.1","service":"user-service","timestamp":"2022-11-02T04:51:26.601Z"}
{"level":"info","message":"[userPublishers]Consulta (editoras) do usuário undefined realizada. -  ::ffff:127.0.0.1","service":"user-service","timestamp":"2022-11-02T04:51:31.787Z"}
{"level":"info","message":"[setup] API aguardando requisições... [Porta TCP 8080]","service":"user-service","timestamp":"2022-11-02T04:53:04.915Z"}
{"level":"info","message":"[hasConnection] Conexão ao banco de dados realizada.","service":"user-service","timestamp":"2022-11-02T04:53:05.017Z"}
{"level":"info","message":"[userBook]Consulta (livros) do usuário undefined realizada. - ::ffff:127.0.0.1","service":"user-service","timestamp":"2022-11-02T04:53:31.370Z"}
{"level":"info","message":"[userBook]Consulta (livros) do usuário undefined realizada. - ::ffff:127.0.0.1","service":"user-service","timestamp":"2022-11-02T04:53:38.389Z"}
{"level":"info","message":"[setup] API aguardando requisições... [Porta TCP 8080]","service":"user-service","timestamp":"2022-11-02T04:54:21.062Z"}
{"level":"info","message":"[hasConnection] Conexão ao banco de dados realizada.","service":"user-service","timestamp":"2022-11-02T04:54:21.158Z"}
{"level":"info","message":"[setup] API aguardando requisições... [Porta TCP 8080]","service":"user-service","timestamp":"2022-11-02T04:55:18.625Z"}
{"level":"info","message":"[hasConnection] Conexão ao banco de dados realizada.","service":"user-service","timestamp":"2022-11-02T04:55:18.770Z"}
{"level":"info","message":"[setup] API aguardando requisições... [Porta TCP 8080]","service":"user-service","timestamp":"2022-11-02T04:55:27.959Z"}
{"level":"info","message":"[hasConnection] Conexão ao banco de dados realizada.","service":"user-service","timestamp":"2022-11-02T04:55:28.063Z"}
{"level":"info","message":"[setup] API aguardando requisições... [Porta TCP 8080]","service":"user-service","timestamp":"2022-11-02T04:55:32.587Z"}
{"level":"info","message":"[hasConnection] Conexão ao banco de dados realizada.","service":"user-service","timestamp":"2022-11-02T04:55:32.694Z"}
{"level":"info","message":"[userBook]Consulta (livros) do usuário undefined realizada. - ::ffff:127.0.0.1","service":"user-service","timestamp":"2022-11-02T04:55:51.683Z"}
{"level":"info","message":"[userBook]Consulta (livros) do usuário undefined realizada. - ::ffff:127.0.0.1","service":"user-service","timestamp":"2022-11-02T04:56:07.488Z"}
{"level":"info","message":"[setup] API aguardando requisições... [Porta TCP 8080]","service":"user-service","timestamp":"2022-11-02T04:56:23.277Z"}
{"level":"info","message":"[hasConnection] Conexão ao banco de dados realizada.","service":"user-service","timestamp":"2022-11-02T04:56:23.411Z"}
{"level":"info","message":"[setup] API aguardando requisições... [Porta TCP 8080]","service":"user-service","timestamp":"2022-11-02T04:57:06.067Z"}
{"level":"info","message":"[hasConnection] Conexão ao banco de dados realizada.","service":"user-service","timestamp":"2022-11-02T04:57:06.164Z"}
{"level":"info","message":"[userBook]Consulta (livros) do usuário undefined realizada. - ::ffff:127.0.0.1","service":"user-service","timestamp":"2022-11-02T04:57:20.027Z"}
{"level":"info","message":"[userBook]Consulta (livros) do usuário undefined realizada. - ::ffff:127.0.0.1","service":"user-service","timestamp":"2022-11-02T04:57:27.443Z"}
{"level":"info","message":"[setup] API aguardando requisições... [Porta TCP 8080]","service":"user-service","timestamp":"2022-11-02T04:58:33.656Z"}
{"level":"info","message":"[hasConnection] Conexão ao banco de dados realizada.","service":"user-service","timestamp":"2022-11-02T04:58:33.891Z"}
{"level":"info","message":"[setup] API aguardando requisições... [Porta TCP 8080]","service":"user-service","timestamp":"2022-11-02T04:58:37.275Z"}
{"level":"info","message":"[hasConnection] Conexão ao banco de dados realizada.","service":"user-service","timestamp":"2022-11-02T04:58:37.383Z"}
{"level":"info","message":"[userBook]Consulta (livros) do usuário 2 realizada. - ::ffff:127.0.0.1","service":"user-service","timestamp":"2022-11-02T04:58:43.068Z"}
{"level":"info","message":"[userBook]Consulta (livros) do usuário 2 realizada. - ::ffff:127.0.0.1","service":"user-service","timestamp":"2022-11-02T04:58:56.830Z"}
{"level":"info","message":"[userBook]Consulta (livros) do usuário undefined realizada. - ::ffff:127.0.0.1","service":"user-service","timestamp":"2022-11-02T04:59:02.710Z"}
{"level":"info","message":"[setup] API aguardando requisições... [Porta TCP 8080]","service":"user-service","timestamp":"2022-11-02T04:59:40.619Z"}
{"level":"info","message":"[hasConnection] Conexão ao banco de dados realizada.","service":"user-service","timestamp":"2022-11-02T04:59:40.729Z"}
{"level":"error","message":"[userBook]Erro de consulta (livros) : TypeError: Cannot read properties of null (reading 'id_usuario')-  ::ffff:127.0.0.1","service":"user-service","timestamp":"2022-11-02T04:59:48.189Z"}
{"level":"info","message":"[setup] API aguardando requisições... [Porta TCP 8080]","service":"user-service","timestamp":"2022-11-02T05:00:17.116Z"}
{"level":"info","message":"[hasConnection] Conexão ao banco de dados realizada.","service":"user-service","timestamp":"2022-11-02T05:00:17.243Z"}
{"level":"info","message":"[setup] API aguardando requisições... [Porta TCP 8080]","service":"user-service","timestamp":"2022-11-02T05:00:26.998Z"}
{"level":"info","message":"[hasConnection] Conexão ao banco de dados realizada.","service":"user-service","timestamp":"2022-11-02T05:00:27.194Z"}
{"level":"info","message":"[setup] API aguardando requisições... [Porta TCP 8080]","service":"user-service","timestamp":"2022-11-02T05:00:31.776Z"}
{"level":"info","message":"[hasConnection] Conexão ao banco de dados realizada.","service":"user-service","timestamp":"2022-11-02T05:00:31.895Z"}
{"level":"info","message":"[setup] API aguardando requisições... [Porta TCP 8080]","service":"user-service","timestamp":"2022-11-02T05:00:41.955Z"}
{"level":"info","message":"[hasConnection] Conexão ao banco de dados realizada.","service":"user-service","timestamp":"2022-11-02T05:00:42.053Z"}
{"level":"info","message":"[userBook]Consulta (livros) do usuário undefined realizada. - ::ffff:127.0.0.1","service":"user-service","timestamp":"2022-11-02T05:00:50.833Z"}
{"level":"info","message":"[userBook]Consulta (livros) do usuário undefined realizada. - ::ffff:127.0.0.1","service":"user-service","timestamp":"2022-11-02T05:00:51.854Z"}
{"level":"info","message":"[setup] API aguardando requisições... [Porta TCP 8080]","service":"user-service","timestamp":"2022-11-02T05:01:07.418Z"}
{"level":"info","message":"[hasConnection] Conexão ao banco de dados realizada.","service":"user-service","timestamp":"2022-11-02T05:01:07.563Z"}
{"level":"info","message":"[setup] API aguardando requisições... [Porta TCP 8080]","service":"user-service","timestamp":"2022-11-02T05:01:09.979Z"}
{"level":"info","message":"[hasConnection] Conexão ao banco de dados realizada.","service":"user-service","timestamp":"2022-11-02T05:01:10.087Z"}
{"level":"info","message":"[userBook]Consulta (livros) do usuário undefined realizada. - ::ffff:127.0.0.1","service":"user-service","timestamp":"2022-11-02T05:01:16.601Z"}
{"level":"info","message":"[userBook]Consulta (livros) do usuário undefined realizada. - ::ffff:127.0.0.1","service":"user-service","timestamp":"2022-11-02T05:01:17.351Z"}
{"level":"info","message":"[userBook]Consulta (livros) do usuário undefined realizada. - ::ffff:127.0.0.1","service":"user-service","timestamp":"2022-11-02T05:01:18.177Z"}
{"level":"error","message":"[userBook]Erro de consulta (livros) : TypeError: Cannot read properties of undefined (reading 'length')-  ::ffff:127.0.0.1","service":"user-service","timestamp":"2022-11-02T05:01:26.565Z"}
{"level":"info","message":"[setup] API aguardando requisições... [Porta TCP 8080]","service":"user-service","timestamp":"2022-11-02T05:04:12.777Z"}
{"level":"info","message":"[hasConnection] Conexão ao banco de dados realizada.","service":"user-service","timestamp":"2022-11-02T05:04:16.211Z"}
{"level":"info","message":"[userBook]Consulta (livros) do usuário undefined realizada. - ::ffff:127.0.0.1","service":"user-service","timestamp":"2022-11-02T05:04:28.749Z"}
{"level":"info","message":"[userBook]Consulta (livros) do usuário undefined realizada. - ::ffff:127.0.0.1","service":"user-service","timestamp":"2022-11-02T05:04:31.156Z"}
{"level":"info","message":"[setup] API aguardando requisições... [Porta TCP 8080]","service":"user-service","timestamp":"2022-11-02T05:07:38.996Z"}
{"level":"info","message":"[hasConnection] Conexão ao banco de dados realizada.","service":"user-service","timestamp":"2022-11-02T05:07:39.717Z"}
{"level":"info","message":"[userBook]Consulta (livros) do usuário undefined realizada. - ::ffff:127.0.0.1","service":"user-service","timestamp":"2022-11-02T05:07:46.966Z"}
{"level":"info","message":"[userBook]Consulta (livros) do usuário 2 realizada. - ::ffff:127.0.0.1","service":"user-service","timestamp":"2022-11-02T05:08:04.669Z"}
{"level":"info","message":"[setup] API aguardando requisições... [Porta TCP 8080]","service":"user-service","timestamp":"2022-11-02T05:18:19.701Z"}
{"level":"info","message":"[hasConnection] Conexão ao banco de dados realizada.","service":"user-service","timestamp":"2022-11-02T05:18:19.805Z"}
{"level":"info","message":"[purgeBook]Livro Shell Script Profissional deletado. -  ::ffff:127.0.0.1","service":"user-service","timestamp":"2022-11-02T05:20:10.101Z"}
{"level":"info","message":"[setup] API aguardando requisições... [Porta TCP 8080]","service":"user-service","timestamp":"2022-11-02T05:22:32.156Z"}
{"level":"info","message":"[hasConnection] Conexão ao banco de dados realizada.","service":"user-service","timestamp":"2022-11-02T05:22:32.255Z"}
{"level":"info","message":"[setup] API aguardando requisições... [Porta TCP 8080]","service":"user-service","timestamp":"2022-11-02T05:22:33.968Z"}
{"level":"info","message":"[hasConnection] Conexão ao banco de dados realizada.","service":"user-service","timestamp":"2022-11-02T05:22:34.062Z"}
{"level":"info","message":"[setup] API aguardando requisições... [Porta TCP 8080]","service":"user-service","timestamp":"2022-11-02T05:22:42.167Z"}
{"level":"info","message":"[hasConnection] Conexão ao banco de dados realizada.","service":"user-service","timestamp":"2022-11-02T05:22:42.260Z"}
{"level":"info","message":"[purgeBook]Livro Pense em Python deletado. -  ::ffff:127.0.0.1","service":"user-service","timestamp":"2022-11-02T05:23:01.356Z"}
{"level":"info","message":"[setup] API aguardando requisições... [Porta TCP 8080]","service":"user-service","timestamp":"2022-11-02T05:23:39.309Z"}
{"level":"info","message":"[hasConnection] Conexão ao banco de dados realizada.","service":"user-service","timestamp":"2022-11-02T05:23:39.400Z"}
{"level":"info","message":"[setup] API aguardando requisições... [Porta TCP 8080]","service":"user-service","timestamp":"2022-11-04T09:24:55.829Z"}
{"level":"info","message":"[hasConnection] Conexão ao banco de dados realizada.","service":"user-service","timestamp":"2022-11-04T09:24:56.308Z"}
{"level":"info","message":"[cadastrar] Cliente cadastrado: ::ffff:127.0.0.1","service":"user-service","timestamp":"2022-11-04T09:25:57.013Z"}
{"level":"info","message":"[cadastrar] Cliente cadastrado: ::ffff:127.0.0.1","service":"user-service","timestamp":"2022-11-04T09:26:12.296Z"}
{"level":"info","message":"[newBook]Nova editora cadastrada: novatec -  ::ffff:127.0.0.1","service":"user-service","timestamp":"2022-11-04T09:26:52.607Z"}
{"level":"info","message":"[newBook]Novo autor cadastrado: Aurelio Marinho Jargas -  ::ffff:127.0.0.1","service":"user-service","timestamp":"2022-11-04T09:26:52.611Z"}
{"level":"error","message":"[newBook]TypeError: Cannot read properties of null (reading 'id') -  ::ffff:127.0.0.1","service":"user-service","timestamp":"2022-11-04T09:26:52.693Z"}
{"level":"info","message":"[newBook]Novo livro adicionado: Shell Script Profissional -  ::ffff:127.0.0.1","service":"user-service","timestamp":"2022-11-04T09:26:56.484Z"}
{"level":"info","message":"[newBook]Novo autor cadastrado: Allen B. Downey -  ::ffff:127.0.0.1","service":"user-service","timestamp":"2022-11-04T09:27:52.748Z"}
{"level":"error","message":"[newBook]TypeError: Cannot read properties of null (reading 'id') -  ::ffff:127.0.0.1","service":"user-service","timestamp":"2022-11-04T09:27:52.980Z"}
{"level":"info","message":"[newBook]Novo livro adicionado: Pense em Python -  ::ffff:127.0.0.1","service":"user-service","timestamp":"2022-11-04T09:27:54.736Z"}
{"level":"info","message":"[newBook]Novo livro adicionado: Pense em Python -  ::ffff:127.0.0.1","service":"user-service","timestamp":"2022-11-04T09:27:59.365Z"}
{"level":"info","message":"[newBook]Novo livro adicionado: Shell Script Profissional -  ::ffff:127.0.0.1","service":"user-service","timestamp":"2022-11-04T09:28:15.552Z"}
{"level":"info","message":"[purgeBook]Livro Shell Script Profissional deletado. -  ::ffff:127.0.0.1","service":"user-service","timestamp":"2022-11-04T09:29:19.253Z"}
{"level":"info","message":"[setup] API aguardando requisições... [Porta TCP 8080]","service":"user-service","timestamp":"2022-11-04T09:30:29.745Z"}
{"level":"info","message":"[hasConnection] Conexão ao banco de dados realizada.","service":"user-service","timestamp":"2022-11-04T09:30:29.857Z"}
{"level":"info","message":"[newBook]Novo livro adicionado: Shell Script Profissional -  ::ffff:127.0.0.1","service":"user-service","timestamp":"2022-11-04T09:32:31.259Z"}
{"level":"info","message":"[purgeBook]Livro Shell Script Profissional deletado. -  ::ffff:127.0.0.1","service":"user-service","timestamp":"2022-11-04T09:32:58.806Z"}
{"level":"info","message":"[setup] API aguardando requisições... [Porta TCP 8080]","service":"user-service","timestamp":"2022-11-04T09:34:28.430Z"}
{"level":"info","message":"[hasConnection] Conexão ao banco de dados realizada.","service":"user-service","timestamp":"2022-11-04T09:34:28.530Z"}
{"level":"info","message":"[setup] API aguardando requisições... [Porta TCP 8080]","service":"user-service","timestamp":"2022-11-04T09:34:31.928Z"}
{"level":"info","message":"[hasConnection] Conexão ao banco de dados realizada.","service":"user-service","timestamp":"2022-11-04T09:34:32.082Z"}
{"level":"info","message":"[setup] API aguardando requisições... [Porta TCP 8080]","service":"user-service","timestamp":"2022-11-04T09:34:50.337Z"}
{"level":"info","message":"[hasConnection] Conexão ao banco de dados realizada.","service":"user-service","timestamp":"2022-11-04T09:34:50.452Z"}
{"level":"info","message":"[setup] API aguardando requisições... [Porta TCP 8080]","service":"user-service","timestamp":"2022-11-04T09:34:52.522Z"}
{"level":"info","message":"[hasConnection] Conexão ao banco de dados realizada.","service":"user-service","timestamp":"2022-11-04T09:34:52.619Z"}
{"level":"info","message":"[setup] API aguardando requisições... [Porta TCP 8080]","service":"user-service","timestamp":"2022-11-04T09:34:57.420Z"}
{"level":"info","message":"[hasConnection] Conexão ao banco de dados realizada.","service":"user-service","timestamp":"2022-11-04T09:34:57.553Z"}
{"level":"info","message":"[setup] API aguardando requisições... [Porta TCP 8080]","service":"user-service","timestamp":"2022-11-04T09:35:13.260Z"}
{"level":"info","message":"[hasConnection] Conexão ao banco de dados realizada.","service":"user-service","timestamp":"2022-11-04T09:35:13.379Z"}
{"level":"info","message":"[setup] API aguardando requisições... [Porta TCP 8080]","service":"user-service","timestamp":"2022-11-04T09:35:15.773Z"}
{"level":"info","message":"[hasConnection] Conexão ao banco de dados realizada.","service":"user-service","timestamp":"2022-11-04T09:35:15.986Z"}
{"level":"info","message":"[setup] API aguardando requisições... [Porta TCP 8080]","service":"user-service","timestamp":"2022-11-04T09:41:55.607Z"}
{"level":"info","message":"[hasConnection] Conexão ao banco de dados realizada.","service":"user-service","timestamp":"2022-11-04T09:41:56.058Z"}
{"level":"info","message":"[purgeBook]Livro Shell Script Profissional deletado. -  ::ffff:127.0.0.1","service":"user-service","timestamp":"2022-11-04T09:42:20.213Z"}
{"level":"info","message":"[purgeBook]Livro Shell Script Profissional deletado. -  ::ffff:127.0.0.1","service":"user-service","timestamp":"2022-11-04T09:42:31.731Z"}
{"level":"info","message":"[setup] API aguardando requisições... [Porta TCP 8080]","service":"user-service","timestamp":"2022-11-04T09:43:23.573Z"}
{"level":"info","message":"[hasConnection] Conexão ao banco de dados realizada.","service":"user-service","timestamp":"2022-11-04T09:43:23.702Z"}
{"level":"info","message":"[setup] API aguardando requisições... [Porta TCP 8080]","service":"user-service","timestamp":"2022-11-04T09:43:33.096Z"}
{"level":"info","message":"[hasConnection] Conexão ao banco de dados realizada.","service":"user-service","timestamp":"2022-11-04T09:43:33.200Z"}
{"level":"info","message":"[setup] API aguardando requisições... [Porta TCP 8080]","service":"user-service","timestamp":"2022-11-04T09:43:36.161Z"}
{"level":"info","message":"[hasConnection] Conexão ao banco de dados realizada.","service":"user-service","timestamp":"2022-11-04T09:43:36.263Z"}
{"level":"info","message":"[setup] API aguardando requisições... [Porta TCP 8080]","service":"user-service","timestamp":"2022-11-04T09:48:52.223Z"}
{"level":"info","message":"[hasConnection] Conexão ao banco de dados realizada.","service":"user-service","timestamp":"2022-11-04T09:48:52.339Z"}
{"level":"error","message":"[purgeBook]Livro Shell Script Profissional não encontrado. -  ::ffff:127.0.0.1","service":"user-service","timestamp":"2022-11-04T09:49:29.666Z"}
{"level":"error","message":"[purgeBook]Livro Pense em Python não encontrado. -  ::ffff:127.0.0.1","service":"user-service","timestamp":"2022-11-04T09:50:01.639Z"}
{"level":"error","message":"[purgeBook]Livro Pense em Python não encontrado. -  ::ffff:127.0.0.1","service":"user-service","timestamp":"2022-11-04T09:50:15.982Z"}
{"level":"info","message":"[newBook]Nova editora cadastrada: novatec -  ::ffff:127.0.0.1","service":"user-service","timestamp":"2022-11-04T09:51:18.828Z"}
{"level":"error","message":"[newBook]TypeError: Cannot read properties of null (reading 'id') -  ::ffff:127.0.0.1","service":"user-service","timestamp":"2022-11-04T09:51:18.835Z"}
{"level":"info","message":"[newBook]Novo livro adicionado: Pense em Python -  ::ffff:127.0.0.1","service":"user-service","timestamp":"2022-11-04T09:51:21.441Z"}
{"level":"info","message":"[newBook]Novo livro adicionado: Pense em Python -  ::ffff:127.0.0.1","service":"user-service","timestamp":"2022-11-04T09:51:25.432Z"}
{"level":"info","message":"[newBook]Livro já cadastrado nesta conta -  ::ffff:127.0.0.1","service":"user-service","timestamp":"2022-11-04T09:51:27.418Z"}
{"level":"info","message":"[newBook]Livro já cadastrado nesta conta -  ::ffff:127.0.0.1","service":"user-service","timestamp":"2022-11-04T09:51:31.460Z"}
{"level":"info","message":"[newBook]Novo livro adicionado: Shell Script Profissional -  ::ffff:127.0.0.1","service":"user-service","timestamp":"2022-11-04T09:51:47.141Z"}
{"level":"info","message":"[newBook]Novo livro adicionado: Shell Script Profissional -  ::ffff:127.0.0.1","service":"user-service","timestamp":"2022-11-04T09:51:51.481Z"}
{"level":"info","message":"[purgeBook]Livro Shell Script Profissional deletado. -  ::ffff:127.0.0.1","service":"user-service","timestamp":"2022-11-04T09:54:45.174Z"}
{"level":"info","message":"[purgeBook]Livro Shell Script Profissional deletado. -  ::ffff:127.0.0.1","service":"user-service","timestamp":"2022-11-04T09:54:46.598Z"}
{"level":"info","message":"[purgeBook]Livro Shell Script Profissional deletado. -  ::ffff:127.0.0.1","service":"user-service","timestamp":"2022-11-04T09:54:48.884Z"}
{"level":"info","message":"[setup] API aguardando requisições... [Porta TCP 8080]","service":"user-service","timestamp":"2022-11-04T09:57:23.654Z"}
{"level":"info","message":"[hasConnection] Conexão ao banco de dados realizada.","service":"user-service","timestamp":"2022-11-04T09:57:24.431Z"}
{"level":"info","message":"[setup] API aguardando requisições... [Porta TCP 8080]","service":"user-service","timestamp":"2022-11-04T09:57:29.209Z"}
{"level":"info","message":"[setup] API aguardando requisições... [Porta TCP 8080]","service":"user-service","timestamp":"2022-11-04T09:57:30.760Z"}
{"level":"info","message":"[hasConnection] Conexão ao banco de dados realizada.","service":"user-service","timestamp":"2022-11-04T09:57:30.867Z"}
{"level":"info","message":"[setup] API aguardando requisições... [Porta TCP 8080]","service":"user-service","timestamp":"2022-11-04T09:57:35.628Z"}
{"level":"info","message":"[hasConnection] Conexão ao banco de dados realizada.","service":"user-service","timestamp":"2022-11-04T09:57:35.734Z"}
{"level":"info","message":"[setup] API aguardando requisições... [Porta TCP 8080]","service":"user-service","timestamp":"2022-11-04T09:57:42.252Z"}
{"level":"info","message":"[hasConnection] Conexão ao banco de dados realizada.","service":"user-service","timestamp":"2022-11-04T09:57:42.366Z"}
{"level":"info","message":"[setup] API aguardando requisições... [Porta TCP 8080]","service":"user-service","timestamp":"2022-11-04T09:57:43.973Z"}
{"level":"info","message":"[hasConnection] Conexão ao banco de dados realizada.","service":"user-service","timestamp":"2022-11-04T09:57:44.134Z"}
{"level":"info","message":"[setup] API aguardando requisições... [Porta TCP 8080]","service":"user-service","timestamp":"2022-11-04T09:58:02.015Z"}
{"level":"info","message":"[hasConnection] Conexão ao banco de dados realizada.","service":"user-service","timestamp":"2022-11-04T09:58:02.150Z"}
{"level":"info","message":"[setup] API aguardando requisições... [Porta TCP 8080]","service":"user-service","timestamp":"2022-11-04T09:58:08.516Z"}
{"level":"info","message":"[hasConnection] Conexão ao banco de dados realizada.","service":"user-service","timestamp":"2022-11-04T09:58:08.616Z"}
{"level":"info","message":"[setup] API aguardando requisições... [Porta TCP 8080]","service":"user-service","timestamp":"2022-11-04T09:58:31.755Z"}
{"level":"info","message":"[hasConnection] Conexão ao banco de dados realizada.","service":"user-service","timestamp":"2022-11-04T09:58:31.853Z"}
{"level":"info","message":"[setup] API aguardando requisições... [Porta TCP 8080]","service":"user-service","timestamp":"2022-11-04T09:58:46.212Z"}
{"level":"info","message":"[hasConnection] Conexão ao banco de dados realizada.","service":"user-service","timestamp":"2022-11-04T09:58:46.323Z"}
{"level":"info","message":"[setup] API aguardando requisições... [Porta TCP 8080]","service":"user-service","timestamp":"2022-11-04T10:01:38.325Z"}
{"level":"info","message":"[hasConnection] Conexão ao banco de dados realizada.","service":"user-service","timestamp":"2022-11-04T10:01:39.254Z"}
{"level":"info","message":"[newBook]Nova editora cadastrada: novatec -  ::ffff:127.0.0.1","service":"user-service","timestamp":"2022-11-04T10:01:44.250Z"}
{"level":"info","message":"[newBook]Novo autor cadastrado: Aurelio Marinho Jargas -  ::ffff:127.0.0.1","service":"user-service","timestamp":"2022-11-04T10:01:44.258Z"}
{"level":"error","message":"[newBook]TypeError: Cannot read properties of null (reading 'id') -  ::ffff:127.0.0.1","service":"user-service","timestamp":"2022-11-04T10:01:44.261Z"}
{"level":"info","message":"[newBook]Novo livro adicionado: Shell Script Profissional -  ::ffff:127.0.0.1","service":"user-service","timestamp":"2022-11-04T10:01:51.455Z"}
{"level":"info","message":"[newBook]Novo livro adicionado: Shell Script Profissional -  ::ffff:127.0.0.1","service":"user-service","timestamp":"2022-11-04T10:01:56.653Z"}
{"level":"info","message":"[newBook]Novo livro adicionado: Pense em Python -  ::ffff:127.0.0.1","service":"user-service","timestamp":"2022-11-04T10:02:12.659Z"}
{"level":"info","message":"[newBook]Novo livro adicionado: Pense em Python -  ::ffff:127.0.0.1","service":"user-service","timestamp":"2022-11-04T10:02:18.617Z"}
{"level":"error","message":"[purgeBook]Livro Pense em Python não encontrado. -  ::ffff:127.0.0.1","service":"user-service","timestamp":"2022-11-04T10:03:10.030Z"}
{"level":"error","message":"[purgeBook]Livro Pense em Python não encontrado. -  ::ffff:127.0.0.1","service":"user-service","timestamp":"2022-11-04T10:03:43.983Z"}
{"level":"error","message":"[purgeBook]Livro Pense em Python não encontrado. -  ::ffff:127.0.0.1","service":"user-service","timestamp":"2022-11-04T10:03:54.073Z"}
{"level":"info","message":"[setup] API aguardando requisições... [Porta TCP 8080]","service":"user-service","timestamp":"2022-11-04T10:04:47.975Z"}
{"level":"info","message":"[hasConnection] Conexão ao banco de dados realizada.","service":"user-service","timestamp":"2022-11-04T10:04:48.079Z"}
{"level":"error","message":"[purgeBook]Livro Pense em Python não encontrado. -  ::ffff:127.0.0.1","service":"user-service","timestamp":"2022-11-04T10:04:52.791Z"}
{"level":"info","message":"[setup] API aguardando requisições... [Porta TCP 8080]","service":"user-service","timestamp":"2022-11-04T10:05:42.899Z"}
{"level":"info","message":"[hasConnection] Conexão ao banco de dados realizada.","service":"user-service","timestamp":"2022-11-04T10:05:42.989Z"}
{"level":"info","message":"[purgeBook]Livro Pense em Python deletado. -  ::ffff:127.0.0.1","service":"user-service","timestamp":"2022-11-04T10:05:55.461Z"}
{"level":"error","message":"[purgeBook]Livro Pense em Python não encontrado. -  ::ffff:127.0.0.1","service":"user-service","timestamp":"2022-11-04T10:06:02.590Z"}
{"level":"info","message":"[purgeBook]Livro Pense em Python deletado. -  ::ffff:127.0.0.1","service":"user-service","timestamp":"2022-11-04T10:06:16.719Z"}
{"level":"error","message":"[purgeBook]Livro Pense em Python não encontrado. -  ::ffff:127.0.0.1","service":"user-service","timestamp":"2022-11-04T10:06:18.315Z"}
